Unity Editor version:    2022.3.2f1 (d74737c6db50)
Branch:                  2022.3/staging
Build type:              Release
Batch mode:              YES
macOS version:           Version 13.4 (Build 22F66)
Darwin version:          22.5.0
Architecture:            arm64
Running under Rosetta:   NO
Available memory:        8192 MB
Using pre-set license
Pro License: YES

COMMAND LINE ARGUMENTS:
/Applications/Unity/Hub/Editor/2022.3.2f1/Unity.app/Contents/MacOS/Unity
-adb2
-batchMode
-noUpm
-name
AssetImportWorker0
-projectPath
/Users/santhakumar/Documents/UnityProjects/TV_Project
-logFile
Logs/AssetImportWorker0.log
-srvPort
49306
Successfully changed project path to: /Users/santhakumar/Documents/UnityProjects/TV_Project
/Users/santhakumar/Documents/UnityProjects/TV_Project
[UnityMemory] Configuration Parameters - Can be set up in boot.config
    "memorysetup-bucket-allocator-granularity=16"
    "memorysetup-bucket-allocator-bucket-count=8"
    "memorysetup-bucket-allocator-block-size=33554432"
    "memorysetup-bucket-allocator-block-count=8"
    "memorysetup-main-allocator-block-size=16777216"
    "memorysetup-thread-allocator-block-size=16777216"
    "memorysetup-gfx-main-allocator-block-size=16777216"
    "memorysetup-gfx-thread-allocator-block-size=16777216"
    "memorysetup-cache-allocator-block-size=4194304"
    "memorysetup-typetree-allocator-block-size=2097152"
    "memorysetup-profiler-bucket-allocator-granularity=16"
    "memorysetup-profiler-bucket-allocator-bucket-count=8"
    "memorysetup-profiler-bucket-allocator-block-size=33554432"
    "memorysetup-profiler-bucket-allocator-block-count=8"
    "memorysetup-profiler-allocator-block-size=16777216"
    "memorysetup-profiler-editor-allocator-block-size=1048576"
    "memorysetup-temp-allocator-size-main=16777216"
    "memorysetup-job-temp-allocator-block-size=2097152"
    "memorysetup-job-temp-allocator-block-size-background=1048576"
    "memorysetup-job-temp-allocator-reduction-small-platforms=262144"
    "memorysetup-allocator-temp-initial-block-size-main=262144"
    "memorysetup-allocator-temp-initial-block-size-worker=262144"
    "memorysetup-temp-allocator-size-background-worker=32768"
    "memorysetup-temp-allocator-size-job-worker=262144"
    "memorysetup-temp-allocator-size-preload-manager=33554432"
    "memorysetup-temp-allocator-size-nav-mesh-worker=65536"
    "memorysetup-temp-allocator-size-audio-worker=65536"
    "memorysetup-temp-allocator-size-cloud-worker=32768"
    "memorysetup-temp-allocator-size-gi-baking-worker=262144"
    "memorysetup-temp-allocator-size-gfx=262144"
Player connection [8474172928] Host "[IP] 192.168.1.7 [Port] 0 [Flags] 2 [Guid] 1380068737 [EditorId] 1380068737 [Version] 1048832 [Id] OSXEditor(0,santhakumars-MacBook-Pro.local) [Debug] 1 [PackageName] OSXEditor [ProjectName] Editor" joined multi-casting on [225.0.0.222:54997]...

Player connection [8474172928] Host "[IP] 192.168.1.7 [Port] 0 [Flags] 2 [Guid] 1380068737 [EditorId] 1380068737 [Version] 1048832 [Id] OSXEditor(0,santhakumars-MacBook-Pro.local) [Debug] 1 [PackageName] OSXEditor [ProjectName] Editor" joined alternative multi-casting on [225.0.0.222:34997]...

Refreshing native plugins compatible for Editor in 2.31 ms, found 2 plugins.
Preloading 0 native plugins for Editor in 0.00 ms.
Initialize engine version: 2022.3.2f1 (d74737c6db50)
[Subsystems] Discovering subsystems at path /Applications/Unity/Hub/Editor/2022.3.2f1/Unity.app/Contents/Resources/UnitySubsystems
[Subsystems] Discovering subsystems at path /Users/santhakumar/Documents/UnityProjects/TV_Project/Assets
GfxDevice: creating device client; threaded=0; jobified=0
 preferred device: Apple M2 (high power)
Metal devices available: 1
0: Apple M2 (high power)
Using device Apple M2 (high power)
Initializing Metal device caps: Apple M2
Initialize mono
Mono path[0] = '/Applications/Unity/Hub/Editor/2022.3.2f1/Unity.app/Contents/Managed'
Mono path[1] = '/Applications/Unity/Hub/Editor/2022.3.2f1/Unity.app/Contents/MonoBleedingEdge/lib/mono/unityjit-macos'
Mono config path = '/Applications/Unity/Hub/Editor/2022.3.2f1/Unity.app/Contents/MonoBleedingEdge/etc'
Using monoOptions --debugger-agent=transport=dt_socket,embedding=1,server=y,suspend=n,address=127.0.0.1:56505
Begin MonoManager ReloadAssembly
Registering precompiled unity dll's ...
Register platform support module: /Applications/Unity/Hub/Editor/2022.3.2f1/PlaybackEngines/WebGLSupport/UnityEditor.WebGL.Extensions.dll
Register platform support module: /Applications/Unity/Hub/Editor/2022.3.2f1/Unity.app/Contents/PlaybackEngines/MacStandaloneSupport/UnityEditor.OSXStandalone.Extensions.dll
Register platform support module: /Applications/Unity/Hub/Editor/2022.3.2f1/PlaybackEngines/AndroidPlayer/UnityEditor.Android.Extensions.dll
Registered in 0.001197 seconds.
- Loaded All Assemblies, in  0.194 seconds
Native extension for Android target not found
Android Extension - Scanning For ADB Devices 48 ms
Native extension for OSXStandalone target not found
Native extension for WebGL target not found
Mono: successfully reloaded assembly
- Finished resetting the current domain, in  0.235 seconds
Domain Reload Profiling: 429ms
	BeginReloadAssembly (55ms)
		ExecutionOrderSort (0ms)
		DisableScriptedObjects (0ms)
		BackupInstance (0ms)
		ReleaseScriptingObjects (0ms)
		CreateAndSetChildDomain (0ms)
	RebuildCommonClasses (20ms)
	RebuildNativeTypeToScriptingClass (7ms)
	initialDomainReloadingComplete (27ms)
	LoadAllAssembliesAndSetupDomain (84ms)
		LoadAssemblies (55ms)
		RebuildTransferFunctionScriptingTraits (0ms)
		AnalyzeDomain (82ms)
			TypeCache.Refresh (82ms)
				TypeCache.ScanAssembly (75ms)
			ScanForSourceGeneratedMonoScriptInfo (0ms)
			ResolveRequiredComponents (0ms)
	FinalizeReload (235ms)
		ReleaseScriptCaches (0ms)
		RebuildScriptCaches (0ms)
		SetupLoadedEditorAssemblies (203ms)
			LogAssemblyErrors (0ms)
			InitializePlatformSupportModulesInManaged (126ms)
			SetLoadedEditorAssemblies (2ms)
			RefreshPlugins (0ms)
			BeforeProcessingInitializeOnLoad (1ms)
			ProcessInitializeOnLoadAttributes (50ms)
			ProcessInitializeOnLoadMethodAttributes (24ms)
			AfterProcessingInitializeOnLoad (0ms)
			EditorAssembliesLoaded (0ms)
		ExecutionOrderSort2 (0ms)
		AwakeInstancesAfterBackupRestoration (0ms)
========================================================================
Worker process is ready to serve import requests
Begin MonoManager ReloadAssembly
Symbol file LoadedFromMemory doesn't match image /Users/santhakumar/Documents/UnityProjects/TV_Project/Library/PackageCache/com.unity.visualscripting@1.8.0/Editor/VisualScripting.Core/Dependencies/YamlDotNet/Unity.VisualScripting.YamlDotNet.dll
Symbol file LoadedFromMemory doesn't match image /Users/santhakumar/Documents/UnityProjects/TV_Project/Library/PackageCache/com.unity.visualscripting@1.8.0/Editor/VisualScripting.Core/Dependencies/DotNetZip/Unity.VisualScripting.IonicZip.dll
- Loaded All Assemblies, in  0.358 seconds
Refreshing native plugins compatible for Editor in 0.89 ms, found 2 plugins.
Native extension for Android target not found
Native extension for OSXStandalone target not found
Native extension for WebGL target not found
Mono: successfully reloaded assembly
- Finished resetting the current domain, in  0.251 seconds
Domain Reload Profiling: 609ms
	BeginReloadAssembly (59ms)
		ExecutionOrderSort (0ms)
		DisableScriptedObjects (3ms)
		BackupInstance (0ms)
		ReleaseScriptingObjects (0ms)
		CreateAndSetChildDomain (16ms)
	RebuildCommonClasses (20ms)
	RebuildNativeTypeToScriptingClass (7ms)
	initialDomainReloadingComplete (20ms)
	LoadAllAssembliesAndSetupDomain (251ms)
		LoadAssemblies (109ms)
		RebuildTransferFunctionScriptingTraits (0ms)
		AnalyzeDomain (166ms)
			TypeCache.Refresh (158ms)
				TypeCache.ScanAssembly (150ms)
			ScanForSourceGeneratedMonoScriptInfo (6ms)
			ResolveRequiredComponents (2ms)
	FinalizeReload (251ms)
		ReleaseScriptCaches (0ms)
		RebuildScriptCaches (0ms)
		SetupLoadedEditorAssemblies (155ms)
			LogAssemblyErrors (0ms)
			InitializePlatformSupportModulesInManaged (10ms)
			SetLoadedEditorAssemblies (2ms)
			RefreshPlugins (0ms)
			BeforeProcessingInitializeOnLoad (25ms)
			ProcessInitializeOnLoadAttributes (109ms)
			ProcessInitializeOnLoadMethodAttributes (9ms)
			AfterProcessingInitializeOnLoad (1ms)
			EditorAssembliesLoaded (0ms)
		ExecutionOrderSort2 (0ms)
		AwakeInstancesAfterBackupRestoration (2ms)
Launching external process: /Applications/Unity/Hub/Editor/2022.3.2f1/Unity.app/Contents/Tools/UnityShaderCompiler
Launched and connected shader compiler UnityShaderCompiler after 0.06 seconds
Refreshing native plugins compatible for Editor in 0.66 ms, found 2 plugins.
Preloading 0 native plugins for Editor in 0.00 ms.
Unloading 3066 Unused Serialized files (Serialized files now loaded: 0)
Unloading 31 unused Assets / (50.9 KB). Loaded Objects now: 3533.
Memory consumption went from 124.3 MB to 124.2 MB.
Total: 2.173584 ms (FindLiveObjects: 0.083833 ms CreateObjectMapping: 0.037875 ms MarkObjects: 1.994833 ms  DeleteObjects: 0.056334 ms)

AssetImportParameters requested are different than current active one (requested -> active):
  custom:container-demuxer-ogg: 62fdf1f143b41e24485cea50d1cbac27 -> 
  custom:video-decoder-ogg-theora: a1e56fd34408186e4bbccfd4996cb3dc -> 
  custom:container-demuxer-webm: 4f35f7cbe854078d1ac9338744f61a02 -> 
  custom:container-muxer-webm: aa71ff27fc2769a1b78a27578f13a17b -> 
  custom:video-decoder-webm-vp8: 9c59270c3fd7afecdb556c50c9e8de78 -> 
  custom:AudioImporter_EditorPlatform: 3918e3fc78b5a79bad01e8451be0beb8 -> 
  custom:framework-osx-AVFoundation: e770b220cccbd017edd2c1fefb359320 -> 
  custom:video-encoder-webm-vp8: eb34c28f22e8b96e1ab97ce403110664 -> 
  custom:audio-decoder-ogg-vorbis: bf7c407c2cedff20999df2af8eb42d56 -> 
  custom:audio-encoder-webm-vorbis: bf7c407c2cedff20999df2af8eb42d56 -> 
========================================================================
Received Import Request.
  Time since last request: 375.198655 seconds.
  path: Assets/Scenes/SampleScene.unity
  artifactKey: Guid(9fc0d4010bbf28b4594072e72b8655ab) Importer(2089858483,0ecaa5967403d082aa24f35e1b516d23)
Start importing Assets/Scenes/SampleScene.unity using Guid(9fc0d4010bbf28b4594072e72b8655ab) Importer(2089858483,0ecaa5967403d082aa24f35e1b516d23)  -> (artifact id: '81717951af5509056042bb5dfa75cb32') in 0.031141 seconds
Number of updated asset objects reloaded before import = 0
Number of asset objects unloaded after import = 1
========================================================================
Received Import Request.
  Time since last request: 35.756080 seconds.
  path: Assets/Scenes
  artifactKey: Guid(33e534dd4afe547a5bf0dd38bfbaf074) Importer(815301076,1909f56bfc062723c751e8b465ee728b)
Start importing Assets/Scenes using Guid(33e534dd4afe547a5bf0dd38bfbaf074) Importer(815301076,1909f56bfc062723c751e8b465ee728b)  -> (artifact id: 'e68a2265c0956833293806f78bc2cbb6') in 0.000601 seconds
Number of updated asset objects reloaded before import = 0
Number of asset objects unloaded after import = 0
========================================================================
Received Import Request.
  Time since last request: 1.055663 seconds.
  path: Assets/Scenes/SampleScene.unity
  artifactKey: Guid(9fc0d4010bbf28b4594072e72b8655ab) Importer(815301076,1909f56bfc062723c751e8b465ee728b)
Start importing Assets/Scenes/SampleScene.unity using Guid(9fc0d4010bbf28b4594072e72b8655ab) Importer(815301076,1909f56bfc062723c751e8b465ee728b)  -> (artifact id: 'a85bec50c8be757587fedfaade313866') in 0.000399 seconds
Number of updated asset objects reloaded before import = 0
Number of asset objects unloaded after import = 0
========================================================================
Received Prepare
Refreshing native plugins compatible for Editor in 1.49 ms, found 2 plugins.
Preloading 0 native plugins for Editor in 0.00 ms.
Unloading 0 Unused Serialized files (Serialized files now loaded: 0)
Unloading 1 unused Assets / (0.8 KB). Loaded Objects now: 3533.
Memory consumption went from 74.9 MB to 74.9 MB.
Total: 2.163583 ms (FindLiveObjects: 0.099916 ms CreateObjectMapping: 0.042667 ms MarkObjects: 2.010542 ms  DeleteObjects: 0.009834 ms)

Prepare: number of updated asset objects reloaded= 0
AssetImportParameters requested are different than current active one (requested -> active):
  custom:container-demuxer-ogg: 62fdf1f143b41e24485cea50d1cbac27 -> 
  custom:video-decoder-ogg-theora: a1e56fd34408186e4bbccfd4996cb3dc -> 
  custom:container-demuxer-webm: 4f35f7cbe854078d1ac9338744f61a02 -> 
  custom:container-muxer-webm: aa71ff27fc2769a1b78a27578f13a17b -> 
  custom:video-decoder-webm-vp8: 9c59270c3fd7afecdb556c50c9e8de78 -> 
  custom:SearchIndexIgnoredProperties: e643bd26f0fe6173181afceb89e7c659 -> 
  custom:AudioImporter_EditorPlatform: 3918e3fc78b5a79bad01e8451be0beb8 -> 
  custom:framework-osx-AVFoundation: e770b220cccbd017edd2c1fefb359320 -> 
  custom:video-encoder-webm-vp8: eb34c28f22e8b96e1ab97ce403110664 -> 
  custom:audio-decoder-ogg-vorbis: bf7c407c2cedff20999df2af8eb42d56 -> 
  custom:audio-encoder-webm-vorbis: bf7c407c2cedff20999df2af8eb42d56 -> 
========================================================================
Received Import Request.
  Time since last request: 15.123093 seconds.
  path: Assets/Scenes/TVScene.unity
  artifactKey: Guid(9fc0d4010bbf28b4594072e72b8655ab) Importer(815301076,1909f56bfc062723c751e8b465ee728b)
Start importing Assets/Scenes/TVScene.unity using Guid(9fc0d4010bbf28b4594072e72b8655ab) Importer(815301076,1909f56bfc062723c751e8b465ee728b)  -> (artifact id: 'c976282437e4032eb435f44f190c096c') in 0.000207 seconds
Number of updated asset objects reloaded before import = 0
Number of asset objects unloaded after import = 0
========================================================================
Received Import Request.
  Time since last request: 0.937437 seconds.
  path: Assets/Scenes/TVScene.unity
  artifactKey: Guid(9fc0d4010bbf28b4594072e72b8655ab) Importer(2089858483,0ecaa5967403d082aa24f35e1b516d23)
Start importing Assets/Scenes/TVScene.unity using Guid(9fc0d4010bbf28b4594072e72b8655ab) Importer(2089858483,0ecaa5967403d082aa24f35e1b516d23)  -> (artifact id: '44aa86f1eca57ae0dfd1ec19b837e8da') in 0.005309 seconds
Number of updated asset objects reloaded before import = 0
Number of asset objects unloaded after import = 1
========================================================================
Received Import Request.
  Time since last request: 8.544762 seconds.
  path: Assets/Script
  artifactKey: Guid(d81a7eb166bba4e999585b1a241c0ae3) Importer(815301076,1909f56bfc062723c751e8b465ee728b)
Start importing Assets/Script using Guid(d81a7eb166bba4e999585b1a241c0ae3) Importer(815301076,1909f56bfc062723c751e8b465ee728b)  -> (artifact id: 'f46ca90c4a5cd652c3fc21c94ebf7927') in 0.000337 seconds
Number of updated asset objects reloaded before import = 0
Number of asset objects unloaded after import = 0
========================================================================
Received Import Request.
  Time since last request: 0.977511 seconds.
  path: Assets/Script
  artifactKey: Guid(d81a7eb166bba4e999585b1a241c0ae3) Importer(2089858483,0ecaa5967403d082aa24f35e1b516d23)
Start importing Assets/Script using Guid(d81a7eb166bba4e999585b1a241c0ae3) Importer(2089858483,0ecaa5967403d082aa24f35e1b516d23)  -> (artifact id: '0b7e4c591adb905e5af653db70c42f76') in 0.005569 seconds
Number of updated asset objects reloaded before import = 0
Number of asset objects unloaded after import = 1
========================================================================
Received Import Request.
  Time since last request: 8.307050 seconds.
  path: Assets/Model
  artifactKey: Guid(9686a6eff975c4b25aaf11a5758fcebc) Importer(815301076,1909f56bfc062723c751e8b465ee728b)
Start importing Assets/Model using Guid(9686a6eff975c4b25aaf11a5758fcebc) Importer(815301076,1909f56bfc062723c751e8b465ee728b)  -> (artifact id: 'a867124fd7309bc7cc2300c473e4daa6') in 0.000323 seconds
Number of updated asset objects reloaded before import = 0
Number of asset objects unloaded after import = 0
========================================================================
Received Import Request.
  Time since last request: 0.983589 seconds.
  path: Assets/Model
  artifactKey: Guid(9686a6eff975c4b25aaf11a5758fcebc) Importer(2089858483,0ecaa5967403d082aa24f35e1b516d23)
Start importing Assets/Model using Guid(9686a6eff975c4b25aaf11a5758fcebc) Importer(2089858483,0ecaa5967403d082aa24f35e1b516d23)  -> (artifact id: '7e116128d7612b0b5d5d1050139feba1') in 0.005102 seconds
Number of updated asset objects reloaded before import = 0
Number of asset objects unloaded after import = 1
========================================================================
Received Import Request.
  Time since last request: 8.342708 seconds.
  path: Assets/Texture
  artifactKey: Guid(0887988a4f957432c9ed6b954d7721d8) Importer(815301076,1909f56bfc062723c751e8b465ee728b)
Start importing Assets/Texture using Guid(0887988a4f957432c9ed6b954d7721d8) Importer(815301076,1909f56bfc062723c751e8b465ee728b)  -> (artifact id: '89da9a31af88c1ae44ce20d21c7c54cd') in 0.000321 seconds
Number of updated asset objects reloaded before import = 0
Number of asset objects unloaded after import = 0
========================================================================
Received Import Request.
  Time since last request: 0.981640 seconds.
  path: Assets/Texture
  artifactKey: Guid(0887988a4f957432c9ed6b954d7721d8) Importer(2089858483,0ecaa5967403d082aa24f35e1b516d23)
Start importing Assets/Texture using Guid(0887988a4f957432c9ed6b954d7721d8) Importer(2089858483,0ecaa5967403d082aa24f35e1b516d23)  -> (artifact id: 'ec00538f2c058e2755f1b15908f4e747') in 0.005201 seconds
Number of updated asset objects reloaded before import = 0
Number of asset objects unloaded after import = 1
========================================================================
Received Import Request.
  Time since last request: 7.434824 seconds.
  path: Assets/Art
  artifactKey: Guid(0bc397c060d8340b9a16bafdf249a2da) Importer(815301076,1909f56bfc062723c751e8b465ee728b)
Start importing Assets/Art using Guid(0bc397c060d8340b9a16bafdf249a2da) Importer(815301076,1909f56bfc062723c751e8b465ee728b)  -> (artifact id: '09fd878f9cdbd4a079b23c565fdd5171') in 0.000309 seconds
Number of updated asset objects reloaded before import = 0
Number of asset objects unloaded after import = 0
========================================================================
Received Import Request.
  Time since last request: 0.981127 seconds.
  path: Assets/Art
  artifactKey: Guid(0bc397c060d8340b9a16bafdf249a2da) Importer(2089858483,0ecaa5967403d082aa24f35e1b516d23)
Start importing Assets/Art using Guid(0bc397c060d8340b9a16bafdf249a2da) Importer(2089858483,0ecaa5967403d082aa24f35e1b516d23)  -> (artifact id: '2457e15a6520af211440c0d1e58ad37f') in 0.005087 seconds
Number of updated asset objects reloaded before import = 0
Number of asset objects unloaded after import = 1
========================================================================
Received Import Request.
  Time since last request: 150.716461 seconds.
  path: Assets/Tv_furniture/Mod/Materials/TV_furniture_metal.mat
  artifactKey: Guid(bd561631f7146914599203b6e676bb48) Importer(2089858483,0ecaa5967403d082aa24f35e1b516d23)
Start importing Assets/Tv_furniture/Mod/Materials/TV_furniture_metal.mat using Guid(bd561631f7146914599203b6e676bb48) Importer(2089858483,0ecaa5967403d082aa24f35e1b516d23)  -> (artifact id: 'a6bb0daf928c787ee11c1a7d07e46022') in 0.107522 seconds
Number of updated asset objects reloaded before import = 0
Number of asset objects unloaded after import = 2
========================================================================
Received Import Request.
  Time since last request: 0.000036 seconds.
  path: Assets/Tv_furniture/Textures/TV_furniture_AO.tga
  artifactKey: Guid(5d9150fe7348b4741a5d9614e8adbb4f) Importer(2089858483,0ecaa5967403d082aa24f35e1b516d23)
Start importing Assets/Tv_furniture/Textures/TV_furniture_AO.tga using Guid(5d9150fe7348b4741a5d9614e8adbb4f) Importer(2089858483,0ecaa5967403d082aa24f35e1b516d23)  -> (artifact id: 'b203c4a8d11aaf0552d4bbfb3da3d270') in 0.026571 seconds
Number of updated asset objects reloaded before import = 0
Number of asset objects unloaded after import = 1
========================================================================
Received Import Request.
  Time since last request: 0.000075 seconds.
  path: Assets/Tv_furniture/Mod/Materials/skybox_procedural.mat
  artifactKey: Guid(0e589929e46602943b0e4b58382255c2) Importer(2089858483,0ecaa5967403d082aa24f35e1b516d23)
Start importing Assets/Tv_furniture/Mod/Materials/skybox_procedural.mat using Guid(0e589929e46602943b0e4b58382255c2) Importer(2089858483,0ecaa5967403d082aa24f35e1b516d23)  -> (artifact id: '26bc32fb5680b909d477b6342cf483bb') in 0.003062 seconds
Number of updated asset objects reloaded before import = 0
Number of asset objects unloaded after import = 1
========================================================================
Received Import Request.
  Time since last request: 0.000050 seconds.
  path: Assets/Tv_furniture/Prefabs/TV_furniture.prefab
  artifactKey: Guid(3b37494fcd66cb749821d50932701383) Importer(2089858483,0ecaa5967403d082aa24f35e1b516d23)
Start importing Assets/Tv_furniture/Prefabs/TV_furniture.prefab using Guid(3b37494fcd66cb749821d50932701383) Importer(2089858483,0ecaa5967403d082aa24f35e1b516d23)  -> (artifact id: 'fde86bad8616677c6518feb51b2adadf') in 0.005048 seconds
Number of updated asset objects reloaded before import = 0
Number of asset objects unloaded after import = 7
========================================================================
Received Import Request.
  Time since last request: 0.000026 seconds.
  path: Assets/Tv_furniture/Tv_furniture.unity
  artifactKey: Guid(f68c99b6b979db54f8f8af8d85d64b1a) Importer(2089858483,0ecaa5967403d082aa24f35e1b516d23)
Start importing Assets/Tv_furniture/Tv_furniture.unity using Guid(f68c99b6b979db54f8f8af8d85d64b1a) Importer(2089858483,0ecaa5967403d082aa24f35e1b516d23)  -> (artifact id: '10eb7892271fa2b6f928ab1787272c10') in 0.000941 seconds
Number of updated asset objects reloaded before import = 0
Number of asset objects unloaded after import = 1
========================================================================
Received Import Request.
  Time since last request: 0.000051 seconds.
  path: Assets/Tv_furniture/Mod/Materials
  artifactKey: Guid(16b4850c8634afd42b3ce61b9cf52bcf) Importer(2089858483,0ecaa5967403d082aa24f35e1b516d23)
Start importing Assets/Tv_furniture/Mod/Materials using Guid(16b4850c8634afd42b3ce61b9cf52bcf) Importer(2089858483,0ecaa5967403d082aa24f35e1b516d23)  -> (artifact id: '6acfe9f136db23ce840b1552193b690e') in 0.000712 seconds
Number of updated asset objects reloaded before import = 0
Number of asset objects unloaded after import = 1
========================================================================
Received Import Request.
  Time since last request: 0.000058 seconds.
  path: Assets/Tv_furniture
  artifactKey: Guid(0a257bb8fd6c8470f83146fc98963114) Importer(2089858483,0ecaa5967403d082aa24f35e1b516d23)
Start importing Assets/Tv_furniture using Guid(0a257bb8fd6c8470f83146fc98963114) Importer(2089858483,0ecaa5967403d082aa24f35e1b516d23)  -> (artifact id: 'de68be5e5d786144df3c86c28b3f5e33') in 0.001736 seconds
Number of updated asset objects reloaded before import = 0
Number of asset objects unloaded after import = 1
========================================================================
Received Import Request.
  Time since last request: 0.000043 seconds.
  path: Assets/Tv_furniture/Prefabs
  artifactKey: Guid(3ce852974fa8df9468a48a8b0774e838) Importer(2089858483,0ecaa5967403d082aa24f35e1b516d23)
Start importing Assets/Tv_furniture/Prefabs using Guid(3ce852974fa8df9468a48a8b0774e838) Importer(2089858483,0ecaa5967403d082aa24f35e1b516d23)  -> (artifact id: '3e2c0c82500bb1b404729af20e5aecbe') in 0.000730 seconds
Number of updated asset objects reloaded before import = 0
Number of asset objects unloaded after import = 1
========================================================================
Received Import Request.
  Time since last request: 0.000050 seconds.
  path: Assets/Tv_furniture/Mod/Materials/TV_furniture_main_color.mat
  artifactKey: Guid(37864df877bf89848938b3b414db656a) Importer(2089858483,0ecaa5967403d082aa24f35e1b516d23)
Start importing Assets/Tv_furniture/Mod/Materials/TV_furniture_main_color.mat using Guid(37864df877bf89848938b3b414db656a) Importer(2089858483,0ecaa5967403d082aa24f35e1b516d23)  -> (artifact id: 'bfdc1f3779dcb5552d868fd4c7f2eed1') in 0.002961 seconds
Number of updated asset objects reloaded before import = 0
Number of asset objects unloaded after import = 2
========================================================================
Received Import Request.
  Time since last request: 0.000033 seconds.
  path: Assets/Tv_furniture/Mod/TV_furniture.FBX
  artifactKey: Guid(0190f3f0bd258714eb26512c8b481e81) Importer(2089858483,0ecaa5967403d082aa24f35e1b516d23)
Start importing Assets/Tv_furniture/Mod/TV_furniture.FBX using Guid(0190f3f0bd258714eb26512c8b481e81) Importer(2089858483,0ecaa5967403d082aa24f35e1b516d23)  -> (artifact id: '35d6e66aa40931f5d3224f054b6c7788') in 0.015222 seconds
Number of updated asset objects reloaded before import = 0
Number of asset objects unloaded after import = 7
========================================================================
Received Import Request.
  Time since last request: 50.928266 seconds.
  path: Assets/Tv_furniture/Tv_furniture.unity
  artifactKey: Guid(f68c99b6b979db54f8f8af8d85d64b1a) Importer(815301076,1909f56bfc062723c751e8b465ee728b)
Start importing Assets/Tv_furniture/Tv_furniture.unity using Guid(f68c99b6b979db54f8f8af8d85d64b1a) Importer(815301076,1909f56bfc062723c751e8b465ee728b)  -> (artifact id: 'c049cea0cb266030362bf398396cde90') in 0.002658 seconds
Number of updated asset objects reloaded before import = 0
Number of asset objects unloaded after import = 0
========================================================================
Received Import Request.
  Time since last request: 69.392196 seconds.
  path: Assets/Tv_furniture/Prefabs
  artifactKey: Guid(3ce852974fa8df9468a48a8b0774e838) Importer(815301076,1909f56bfc062723c751e8b465ee728b)
Start importing Assets/Tv_furniture/Prefabs using Guid(3ce852974fa8df9468a48a8b0774e838) Importer(815301076,1909f56bfc062723c751e8b465ee728b)  -> (artifact id: '4b3dea8b89135b71838a59067f5d0b5f') in 0.000875 seconds
Number of updated asset objects reloaded before import = 0
Number of asset objects unloaded after import = 0
========================================================================
Received Import Request.
  Time since last request: 0.072038 seconds.
  path: Assets/Tv_furniture/Prefabs/Sun.prefab
  artifactKey: Guid(272e57789dfa59248814e7424ea81fa7) Importer(815301076,1909f56bfc062723c751e8b465ee728b)
Start importing Assets/Tv_furniture/Prefabs/Sun.prefab using Guid(272e57789dfa59248814e7424ea81fa7) Importer(815301076,1909f56bfc062723c751e8b465ee728b)  -> (artifact id: '745870374b7037652d2453dea0fb4bc4') in 0.034093 seconds
Number of updated asset objects reloaded before import = 0
Number of asset objects unloaded after import = 5
========================================================================
Received Import Request.
  Time since last request: 7.703283 seconds.
  path: Assets/Tv_furniture/Mod/TV_furniture.FBX
  artifactKey: Guid(0190f3f0bd258714eb26512c8b481e81) Importer(815301076,1909f56bfc062723c751e8b465ee728b)
Start importing Assets/Tv_furniture/Mod/TV_furniture.FBX using Guid(0190f3f0bd258714eb26512c8b481e81) Importer(815301076,1909f56bfc062723c751e8b465ee728b)  -> (artifact id: 'a7749cba10d03b72f3fcfdcc9baaa092') in 0.377460 seconds
Number of updated asset objects reloaded before import = 0
Number of asset objects unloaded after import = 11
========================================================================
Received Import Request.
  Time since last request: 4.590524 seconds.
  path: Assets/Tv_furniture/Textures/TV_furniture_AO.tga
  artifactKey: Guid(5d9150fe7348b4741a5d9614e8adbb4f) Importer(815301076,1909f56bfc062723c751e8b465ee728b)
Start importing Assets/Tv_furniture/Textures/TV_furniture_AO.tga using Guid(5d9150fe7348b4741a5d9614e8adbb4f) Importer(815301076,1909f56bfc062723c751e8b465ee728b)  -> (artifact id: '3523167b4193dc377345357335dad6e5') in 0.031717 seconds
Number of updated asset objects reloaded before import = 0
Number of asset objects unloaded after import = 2
